<?xml version="1.0" encoding="UTF-8"?>
<!-- Generated by org.testng.reporters.JUnitXMLReporter -->
<testsuite ignored="1" hostname="DESKTOP-393I6HB" failures="0" tests="1" name="Default test" time="5.528" errors="0" timestamp="2023-01-13T15:09:41 IST">
  <testcase classname="RestAssured.DiffrentWaysToCreatePostRequestBody" name="crateuserusingjson" time="5.383"/>
  <testcase classname="RestAssured.DiffrentWaysToCreatePostRequestBody" name="postUsinghashmap" time="0.0">
    <ignored/>
  </testcase> <!-- postUsinghashmap -->
</testsuite> <!-- Default test -->
