<?xml version="1.0" encoding="UTF-8"?>
<testng-results ignored="1" total="2" passed="1" failed="0" skipped="0">
  <reporter-output>
  </reporter-output>
  <suite started-at="2023-01-13T15:09:35 IST" name="Default suite" finished-at="2023-01-13T15:09:41 IST" duration-ms="5528">
    <groups>
    </groups>
    <test started-at="2023-01-13T15:09:35 IST" name="Default test" finished-at="2023-01-13T15:09:41 IST" duration-ms="5528">
      <class name="RestAssured.DiffrentWaysToCreatePostRequestBody">
        <test-method signature="crateuserusingjson()[pri:0, instance:RestAssured.DiffrentWaysToCreatePostRequestBody@66d3eec0]" started-at="2023-01-13T15:09:35 IST" name="crateuserusingjson" finished-at="2023-01-13T15:09:41 IST" duration-ms="5383" status="PASS">
          <reporter-output>
          </reporter-output>
        </test-method> <!-- crateuserusingjson -->
      </class> <!-- RestAssured.DiffrentWaysToCreatePostRequestBody -->
    </test> <!-- Default test -->
  </suite> <!-- Default suite -->
</testng-results>
